<?xml version="1.0" encoding="UTF-8"?>
<<<<<<< HEAD
<testsuites name="jest tests" tests="4" failures="0" time="24.923">
  <testsuite name="undefined" errors="0" failures="0" skipped="0" timestamp="2025-07-23T05:33:19" time="10.284" tests="4">
    <testcase classname=" initial UI is rendered as expected" name=" initial UI is rendered as expected" time="0.041">
    </testcase>
    <testcase classname=" search is made on by clicking on search button and no results found" name=" search is made on by clicking on search button and no results found" time="0.045">
    </testcase>
    <testcase classname=" search is made on by clicking on search button and result found - test 1" name=" search is made on by clicking on search button and result found - test 1" time="0.028">
    </testcase>
    <testcase classname=" search is made on by clicking on search button and result found - test 2" name=" search is made on by clicking on search button and result found - test 2" time="0.019">
=======
<testsuites name="jest tests" tests="4" failures="0" time="2.72">
  <testsuite name="undefined" errors="0" failures="0" skipped="0" timestamp="2025-07-23T05:32:18" time="1.978" tests="4">
    <testcase classname=" initial UI is rendered as expected" name=" initial UI is rendered as expected" time="0.043">
    </testcase>
    <testcase classname=" search is made on by clicking on search button and no results found" name=" search is made on by clicking on search button and no results found" time="0.036">
    </testcase>
    <testcase classname=" search is made on by clicking on search button and result found - test 1" name=" search is made on by clicking on search button and result found - test 1" time="0.016">
    </testcase>
    <testcase classname=" search is made on by clicking on search button and result found - test 2" name=" search is made on by clicking on search button and result found - test 2" time="0.02">
>>>>>>> 7103e0204b8ed211638f6ac2d17ad4b160433324
    </testcase>
  </testsuite>
</testsuites>